{
  "stats": {
    "suites": 1,
    "tests": 1,
    "passes": 1,
    "pending": 0,
    "failures": 0,
    "start": "2021-05-21T16:34:48.532Z",
    "end": "2021-05-21T16:34:50.485Z",
    "duration": 1953,
    "testsRegistered": 1,
    "passPercent": 100,
    "pendingPercent": 0,
    "other": 0,
    "hasOther": false,
    "skipped": 0,
    "hasSkipped": false
  },
  "results": [
    {
      "uuid": "220cd255-0696-4f25-8cd0-acf73c11aec0",
      "title": "",
      "fullFile": "cypress/integration/secondTest.spec.js",
      "file": "cypress/integration/secondTest.spec.js",
      "beforeHooks": [],
      "afterHooks": [],
      "tests": [],
      "suites": [
        {
          "uuid": "fec19573-6046-42a6-bb0b-6d3e5102a829",
          "title": "Test log out",
          "fullFile": "",
          "file": "",
          "beforeHooks": [],
          "afterHooks": [],
          "tests": [
            {
              "title": "verify user can log out successfully",
              "fullTitle": "Test log out verify user can log out successfully",
              "timedOut": null,
              "duration": 1937,
              "state": "passed",
              "speed": "slow",
              "pass": true,
              "fail": false,
              "pending": false,
              "context": null,
              "code": "cy.contains(\"Settings\").click();\ncy.contains(\"Or click here to logout\").click();\ncy.get(\".navbar-nav\").should(\"contain\", \"Sign up\");",
              "err": {},
              "uuid": "fb8e5525-32a8-4960-8f93-ae61a5890a5c",
              "parentUUID": "fec19573-6046-42a6-bb0b-6d3e5102a829",
              "isHook": false,
              "skipped": false
            }
          ],
          "suites": [],
          "passes": [
            "fb8e5525-32a8-4960-8f93-ae61a5890a5c"
          ],
          "failures": [],
          "pending": [],
          "skipped": [],
          "duration": 1937,
          "root": false,
          "rootEmpty": false,
          "_timeout": 2000
        }
      ],
      "passes": [],
      "failures": [],
      "pending": [],
      "skipped": [],
      "duration": 0,
      "root": true,
      "rootEmpty": true,
      "_timeout": 2000
    }
  ],
  "meta": {
    "mocha": {
      "version": "7.0.1"
    },
    "mochawesome": {
      "options": {
        "quiet": false,
        "reportFilename": "mochawesome",
        "saveHtml": true,
        "saveJson": true,
        "consoleReporter": "spec",
        "useInlineDiffs": false,
        "code": true
      },
      "version": "6.2.2"
    },
    "marge": {
      "options": {
        "id": "default",
        "reportDir": "cypress/results/mochawesome",
        "reportName": "${mochawesome}",
        "overwrite": false,
        "html": true,
        "json": true
      },
      "version": "5.2.0"
    }
  }
}